<?xml version="1.0" encoding="UTF-8"?>
<!-- Generated by org.testng.reporters.JUnitReportReporter -->
<testsuite hostname="LAPTOP-5HE953J4" failures="0" tests="13" name="checkingModules.ClickTest" time="68.779" errors="0" timestamp="2024-05-22T08:38:13 IST" skipped="0">
  <testcase classname="checkingModules.ClickTest" name="click1" time="3.452"/>
  <testcase classname="checkingModules.ClickTest" name="click2" time="10.780"/>
  <testcase classname="checkingModules.ClickTest" name="click3" time="5.568"/>
  <testcase classname="checkingModules.ClickTest" name="click4" time="3.844"/>
  <testcase classname="checkingModules.ClickTest" name="click5" time="3.025"/>
  <testcase classname="checkingModules.ClickTest" name="click6" time="8.920"/>
  <testcase classname="checkingModules.ClickTest" name="click7" time="5.516"/>
  <testcase classname="checkingModules.ClickTest" name="click8" time="4.343"/>
  <testcase classname="checkingModules.ClickTest" name="click9" time="2.605"/>
  <testcase classname="checkingModules.ClickTest" name="selectauthor" time="4.158"/>
  <testcase classname="checkingModules.ClickTest" name="bookselect" time="4.022"/>
  <testcase classname="checkingModules.ClickTest" name="qag" time="9.405"/>
  <testcase classname="checkingModules.ClickTest" name="buy" time="3.141"/>
</testsuite> <!-- checkingModules.ClickTest -->
