<?xml version="1.0" encoding="UTF-8"?>
<!-- Generated by org.testng.reporters.JUnitReportReporter -->
<testsuite hostname="LAPTOP-5HE953J4" failures="0" tests="13" name="checkingModules.ClickTest" time="56.576" errors="0" timestamp="2024-05-21T21:43:11 IST" skipped="0">
  <testcase classname="checkingModules.ClickTest" name="click1" time="3.085"/>
  <testcase classname="checkingModules.ClickTest" name="click2" time="7.392"/>
  <testcase classname="checkingModules.ClickTest" name="click3" time="4.767"/>
  <testcase classname="checkingModules.ClickTest" name="click4" time="2.195"/>
  <testcase classname="checkingModules.ClickTest" name="click5" time="2.810"/>
  <testcase classname="checkingModules.ClickTest" name="click6" time="7.515"/>
  <testcase classname="checkingModules.ClickTest" name="click7" time="4.728"/>
  <testcase classname="checkingModules.ClickTest" name="click8" time="4.352"/>
  <testcase classname="checkingModules.ClickTest" name="click9" time="2.611"/>
  <testcase classname="checkingModules.ClickTest" name="selectauthor" time="2.773"/>
  <testcase classname="checkingModules.ClickTest" name="bookselect" time="3.078"/>
  <testcase classname="checkingModules.ClickTest" name="qag" time="9.126"/>
  <testcase classname="checkingModules.ClickTest" name="buy" time="2.144"/>
</testsuite> <!-- checkingModules.ClickTest -->
